2020-06-03 20:48:40.451  INFO 9644 --- [main] com.course.Application                   : Starting Application on LAPTOP-VNEUB3U3 with PID 9644 (E:\IntelliJ2019\ApiTest\MybatisAndSpringBoot\target\classes started by æ²ˆå‹‡å†› in E:\IntelliJ2019\ApiTest\MybatisAndSpringBoot)
2020-06-03 20:48:40.455  INFO 9644 --- [main] com.course.Application                   : No active profile set, falling back to default profiles: default
2020-06-03 20:48:41.436  WARN 9644 --- [main] o.m.s.mapper.ClassPathMapperScanner      : No MyBatis mapper was found in '[com.course]' package. Please check your configuration.
2020-06-03 20:48:41.913  INFO 9644 --- [main] o.s.b.w.embedded.tomcat.TomcatWebServer  : Tomcat initialized with port(s): 8888 (http)
2020-06-03 20:48:41.920  INFO 9644 --- [main] o.apache.catalina.core.StandardService   : Starting service [Tomcat]
2020-06-03 20:48:41.920  INFO 9644 --- [main] org.apache.catalina.core.StandardEngine  : Starting Servlet engine: [Apache Tomcat/9.0.33]
2020-06-03 20:48:42.086  INFO 9644 --- [main] o.a.c.c.C.[Tomcat].[localhost].[/]       : Initializing Spring embedded WebApplicationContext
2020-06-03 20:48:42.086  INFO 9644 --- [main] o.s.web.context.ContextLoader            : Root WebApplicationContext: initialization completed in 1583 ms
2020-06-03 20:48:42.663  INFO 9644 --- [main] pertySourcedRequestMappingHandlerMapping : Mapped URL path [/v2/api-docs] onto method [springfox.documentation.swagger2.web.Swagger2Controller#getDocumentation(String, HttpServletRequest)]
2020-06-03 20:48:42.739  INFO 9644 --- [main] o.s.s.concurrent.ThreadPoolTaskExecutor  : Initializing ExecutorService 'applicationTaskExecutor'
2020-06-03 20:48:42.834  INFO 9644 --- [main] o.s.s.c.ThreadPoolTaskScheduler          : Initializing ExecutorService 'taskScheduler'
2020-06-03 20:48:42.861  INFO 9644 --- [main] d.s.w.p.DocumentationPluginsBootstrapper : Context refreshed
2020-06-03 20:48:42.884  INFO 9644 --- [main] d.s.w.p.DocumentationPluginsBootstrapper : Found 1 custom documentation plugin(s)
2020-06-03 20:48:42.910  INFO 9644 --- [main] s.d.s.w.s.ApiListingReferenceScanner     : Scanning for api listing references
2020-06-03 20:48:43.045  INFO 9644 --- [main] .d.s.w.r.o.CachingOperationNameGenerator : Generating unique operation named: loginUsingPOST_1
2020-06-03 20:48:43.081  INFO 9644 --- [main] o.s.b.w.embedded.tomcat.TomcatWebServer  : Tomcat started on port(s): 8888 (http) with context path ''
2020-06-03 20:48:43.084  INFO 9644 --- [main] com.course.Application                   : Started Application in 3.143 seconds (JVM running for 6.2)
2020-06-03 20:50:31.069  INFO 9644 --- [http-nio-8888-exec-1] o.a.c.c.C.[Tomcat].[localhost].[/]       : Initializing Spring DispatcherServlet 'dispatcherServlet'
2020-06-03 20:50:31.070  INFO 9644 --- [http-nio-8888-exec-1] o.s.web.servlet.DispatcherServlet        : Initializing Servlet 'dispatcherServlet'
2020-06-03 20:50:31.098  INFO 9644 --- [http-nio-8888-exec-1] o.s.web.servlet.DispatcherServlet        : Completed initialization in 25 ms
2020-06-03 20:50:31.310  INFO 9644 --- [http-nio-8888-exec-1] com.zaxxer.hikari.HikariDataSource       : HikariPool-1 - Starting...
2020-06-03 20:50:31.618  INFO 9644 --- [http-nio-8888-exec-1] com.zaxxer.hikari.HikariDataSource       : HikariPool-1 - Start completed.
2020-06-03 20:52:58.318  INFO 9632 --- [main] com.course.Application                   : Starting Application v1.0-SNAPSHOT on LAPTOP-VNEUB3U3 with PID 9632 (E:\IntelliJ2019\ApiTest\MybatisAndSpringBoot\target\MbatisAndSpringBoot-1.0-SNAPSHOT.jar started by ÉòÓÂ¾ü in E:\IntelliJ2019\ApiTest\MybatisAndSpringBoot)
2020-06-03 20:52:58.322  INFO 9632 --- [main] com.course.Application                   : No active profile set, falling back to default profiles: default
2020-06-03 20:52:59.161  WARN 9632 --- [main] o.m.s.mapper.ClassPathMapperScanner      : No MyBatis mapper was found in '[com.course]' package. Please check your configuration.
2020-06-03 20:53:00.220  INFO 9632 --- [main] o.s.b.w.embedded.tomcat.TomcatWebServer  : Tomcat initialized with port(s): 8888 (http)
2020-06-03 20:53:00.245  INFO 9632 --- [main] o.apache.catalina.core.StandardService   : Starting service [Tomcat]
2020-06-03 20:53:00.246  INFO 9632 --- [main] org.apache.catalina.core.StandardEngine  : Starting Servlet engine: [Apache Tomcat/9.0.33]
2020-06-03 20:53:00.339  INFO 9632 --- [main] o.a.c.c.C.[Tomcat].[localhost].[/]       : Initializing Spring embedded WebApplicationContext
2020-06-03 20:53:00.340  INFO 9632 --- [main] o.s.web.context.ContextLoader            : Root WebApplicationContext: initialization completed in 1943 ms
2020-06-03 20:53:01.187  INFO 9632 --- [main] pertySourcedRequestMappingHandlerMapping : Mapped URL path [/v2/api-docs] onto method [springfox.documentation.swagger2.web.Swagger2Controller#getDocumentation(String, HttpServletRequest)]
2020-06-03 20:53:01.317  INFO 9632 --- [main] o.s.s.concurrent.ThreadPoolTaskExecutor  : Initializing ExecutorService 'applicationTaskExecutor'
2020-06-03 20:53:01.586  INFO 9632 --- [main] o.s.s.c.ThreadPoolTaskScheduler          : Initializing ExecutorService 'taskScheduler'
2020-06-03 20:53:01.620  INFO 9632 --- [main] d.s.w.p.DocumentationPluginsBootstrapper : Context refreshed
2020-06-03 20:53:01.644  INFO 9632 --- [main] d.s.w.p.DocumentationPluginsBootstrapper : Found 1 custom documentation plugin(s)
2020-06-03 20:53:01.685  INFO 9632 --- [main] s.d.s.w.s.ApiListingReferenceScanner     : Scanning for api listing references
2020-06-03 20:53:02.044  INFO 9632 --- [main] .d.s.w.r.o.CachingOperationNameGenerator : Generating unique operation named: loginUsingPOST_1
2020-06-03 20:53:02.213  INFO 9632 --- [main] o.s.b.w.embedded.tomcat.TomcatWebServer  : Tomcat started on port(s): 8888 (http) with context path ''
2020-06-03 20:53:02.221  INFO 9632 --- [main] com.course.Application                   : Started Application in 4.473 seconds (JVM running for 5.098)
2020-06-03 20:53:20.075  INFO 9632 --- [http-nio-8888-exec-1] o.a.c.c.C.[Tomcat].[localhost].[/]       : Initializing Spring DispatcherServlet 'dispatcherServlet'
2020-06-03 20:53:20.076  INFO 9632 --- [http-nio-8888-exec-1] o.s.web.servlet.DispatcherServlet        : Initializing Servlet 'dispatcherServlet'
2020-06-03 20:53:20.098  INFO 9632 --- [http-nio-8888-exec-1] o.s.web.servlet.DispatcherServlet        : Completed initialization in 22 ms
2020-06-03 20:53:20.407  INFO 9632 --- [http-nio-8888-exec-1] com.zaxxer.hikari.HikariDataSource       : HikariPool-1 - Starting...
2020-06-03 20:53:20.854  INFO 9632 --- [http-nio-8888-exec-1] com.zaxxer.hikari.HikariDataSource       : HikariPool-1 - Start completed.
